[debug] [2023-11-20T14:38:40.570Z] ----------------------------------------------------------------------
[debug] [2023-11-20T14:38:40.571Z] Command:       /usr/local/bin/node /usr/local/bin/firebase init hosting
[debug] [2023-11-20T14:38:40.571Z] CLI Version:   12.9.1
[debug] [2023-11-20T14:38:40.571Z] Platform:      darwin
[debug] [2023-11-20T14:38:40.571Z] Node Version:  v18.17.1
[debug] [2023-11-20T14:38:40.576Z] Time:          Mon Nov 20 2023 14:38:40 GMT+0000 (Greenwich Mean Time)
[debug] [2023-11-20T14:38:40.576Z] ----------------------------------------------------------------------
[debug] 
[debug] [2023-11-20T14:38:40.579Z] > command requires scopes: ["email","openid","https://www.googleapis.com/auth/cloudplatformprojects.readonly","https://www.googleapis.com/auth/firebase","https://www.googleapis.com/auth/cloud-platform"]
[debug] [2023-11-20T14:38:40.579Z] > authorizing via signed-in user (ehsaanhoque57@gmail.com)
[info] 
     ######## #### ########  ######## ########     ###     ######  ########
     ##        ##  ##     ## ##       ##     ##  ##   ##  ##       ##
     ######    ##  ########  ######   ########  #########  ######  ######
     ##        ##  ##    ##  ##       ##     ## ##     ##       ## ##
     ##       #### ##     ## ######## ########  ##     ##  ######  ########

You're about to initialize a Firebase project in this directory:

  /Users/ehsaan/Projects/fy_project/exh199/players_nexus

[info] 
=== Project Setup
[info] 
[info] First, let's associate this project directory with a Firebase project.
[info] You can create multiple project aliases by running firebase use --add, 
[info] but for now we'll just set up a default project.
[info] 
[info] i  If you want to create a project in a Google Cloud organization or folder, please use "firebase projects:create" instead, and return to this command when you've created the project. 
[debug] [2023-11-20T14:44:08.699Z] >>> [apiv2][query] POST https://cloudresourcemanager.googleapis.com/v1/projects [none]
[debug] [2023-11-20T14:44:08.699Z] >>> [apiv2][body] POST https://cloudresourcemanager.googleapis.com/v1/projects {"projectId":"fyproject","name":"playersnexus"}
[debug] [2023-11-20T14:44:09.405Z] <<< [apiv2][status] POST https://cloudresourcemanager.googleapis.com/v1/projects 409
[debug] [2023-11-20T14:44:09.405Z] <<< [apiv2][body] POST https://cloudresourcemanager.googleapis.com/v1/projects {"error":{"code":409,"message":"Requested entity already exists","status":"ALREADY_EXISTS"}}
[debug] [2023-11-20T14:44:09.588Z] FirebaseError: HTTP Error: 409, Requested entity already exists
    at responseToError (/usr/local/lib/node_modules/firebase-tools/lib/responseToError.js:49:12)
    at RetryOperation._fn (/usr/local/lib/node_modules/firebase-tools/lib/apiv2.js:285:77)
    at process.processTicksAndRejections (node:internal/process/task_queues:95:5)
[error] 
[error] Error: Failed to create project because there is already a project with ID fyproject. Please try again with a unique project ID.
[debug] [2023-11-20T14:44:21.302Z] ----------------------------------------------------------------------
[debug] [2023-11-20T14:44:21.303Z] Command:       /usr/local/bin/node /usr/local/bin/firebase init hosting
[debug] [2023-11-20T14:44:21.303Z] CLI Version:   12.9.1
[debug] [2023-11-20T14:44:21.303Z] Platform:      darwin
[debug] [2023-11-20T14:44:21.303Z] Node Version:  v18.17.1
[debug] [2023-11-20T14:44:21.304Z] Time:          Mon Nov 20 2023 14:44:21 GMT+0000 (Greenwich Mean Time)
[debug] [2023-11-20T14:44:21.304Z] ----------------------------------------------------------------------
[debug] 
[debug] [2023-11-20T14:44:21.307Z] > command requires scopes: ["email","openid","https://www.googleapis.com/auth/cloudplatformprojects.readonly","https://www.googleapis.com/auth/firebase","https://www.googleapis.com/auth/cloud-platform"]
[debug] [2023-11-20T14:44:21.307Z] > authorizing via signed-in user (ehsaanhoque57@gmail.com)
[info] 
     ######## #### ########  ######## ########     ###     ######  ########
     ##        ##  ##     ## ##       ##     ##  ##   ##  ##       ##
     ######    ##  ########  ######   ########  #########  ######  ######
     ##        ##  ##    ##  ##       ##     ## ##     ##       ## ##
     ##       #### ##     ## ######## ########  ##     ##  ######  ########

You're about to initialize a Firebase project in this directory:

  /Users/ehsaan/Projects/fy_project/exh199/players_nexus

[info] 
=== Project Setup
[info] 
[info] First, let's associate this project directory with a Firebase project.
[info] You can create multiple project aliases by running firebase use --add, 
[info] but for now we'll just set up a default project.
[info] 
[info] i  If you want to create a project in a Google Cloud organization or folder, please use "firebase projects:create" instead, and return to this command when you've created the project. 
[debug] [2023-11-20T14:44:29.922Z] >>> [apiv2][query] POST https://cloudresourcemanager.googleapis.com/v1/projects [none]
[debug] [2023-11-20T14:44:29.923Z] >>> [apiv2][body] POST https://cloudresourcemanager.googleapis.com/v1/projects {"projectId":"playersnexus","name":"playersnexus"}
[debug] [2023-11-20T14:44:30.381Z] <<< [apiv2][status] POST https://cloudresourcemanager.googleapis.com/v1/projects 200
[debug] [2023-11-20T14:44:30.381Z] <<< [apiv2][body] POST https://cloudresourcemanager.googleapis.com/v1/projects {"name":"operations/cp.5875533018010508759"}
[debug] [2023-11-20T14:44:30.382Z] >>> [apiv2][query] GET https://cloudresourcemanager.googleapis.com/v1/operations/cp.5875533018010508759 [none]
[debug] [2023-11-20T14:44:31.421Z] <<< [apiv2][status] GET https://cloudresourcemanager.googleapis.com/v1/operations/cp.5875533018010508759 200
[debug] [2023-11-20T14:44:31.421Z] <<< [apiv2][body] GET https://cloudresourcemanager.googleapis.com/v1/operations/cp.5875533018010508759 {"name":"operations/cp.5875533018010508759"}
[debug] [2023-11-20T14:44:31.922Z] [Project Creation Poller] Retrying task index 0
[debug] [2023-11-20T14:44:31.923Z] >>> [apiv2][query] GET https://cloudresourcemanager.googleapis.com/v1/operations/cp.5875533018010508759 [none]
[debug] [2023-11-20T14:44:32.784Z] <<< [apiv2][status] GET https://cloudresourcemanager.googleapis.com/v1/operations/cp.5875533018010508759 200
[debug] [2023-11-20T14:44:32.784Z] <<< [apiv2][body] GET https://cloudresourcemanager.googleapis.com/v1/operations/cp.5875533018010508759 {"name":"operations/cp.5875533018010508759"}
[debug] [2023-11-20T14:44:33.785Z] [Project Creation Poller] Retrying task index 0
[debug] [2023-11-20T14:44:33.786Z] >>> [apiv2][query] GET https://cloudresourcemanager.googleapis.com/v1/operations/cp.5875533018010508759 [none]
[debug] [2023-11-20T14:44:34.747Z] <<< [apiv2][status] GET https://cloudresourcemanager.googleapis.com/v1/operations/cp.5875533018010508759 200
[debug] [2023-11-20T14:44:34.747Z] <<< [apiv2][body] GET https://cloudresourcemanager.googleapis.com/v1/operations/cp.5875533018010508759 {"name":"operations/cp.5875533018010508759","metadata":{"@type":"type.googleapis.com/google.cloudresourcemanager.v1.ProjectCreationStatus","gettable":true,"ready":true},"done":true,"response":{"@type":"type.googleapis.com/google.cloudresourcemanager.v1.Project","projectNumber":"964308791253","projectId":"playersnexus","lifecycleState":"ACTIVE","name":"playersnexus","createTime":"2023-11-20T14:44:32.441Z"}}
[debug] [2023-11-20T14:44:34.748Z] >>> [apiv2][query] POST https://firebase.googleapis.com/v1beta1/projects/playersnexus:addFirebase [none]
[debug] [2023-11-20T14:44:38.334Z] <<< [apiv2][status] POST https://firebase.googleapis.com/v1beta1/projects/playersnexus:addFirebase 200
[debug] [2023-11-20T14:44:38.334Z] <<< [apiv2][body] POST https://firebase.googleapis.com/v1beta1/projects/playersnexus:addFirebase {"name":"operations/workflows/Njg2MDU2OGYtNzczMy00NDEwLWI3MTYtYWU1ZTM2MTUwZTk3"}
[debug] [2023-11-20T14:44:38.334Z] >>> [apiv2][query] GET https://firebase.googleapis.com/v1beta1/operations/workflows/Njg2MDU2OGYtNzczMy00NDEwLWI3MTYtYWU1ZTM2MTUwZTk3 [none]
[debug] [2023-11-20T14:44:39.451Z] <<< [apiv2][status] GET https://firebase.googleapis.com/v1beta1/operations/workflows/Njg2MDU2OGYtNzczMy00NDEwLWI3MTYtYWU1ZTM2MTUwZTk3 200
[debug] [2023-11-20T14:44:39.452Z] <<< [apiv2][body] GET https://firebase.googleapis.com/v1beta1/operations/workflows/Njg2MDU2OGYtNzczMy00NDEwLWI3MTYtYWU1ZTM2MTUwZTk3 {"name":"operations/workflows/Njg2MDU2OGYtNzczMy00NDEwLWI3MTYtYWU1ZTM2MTUwZTk3"}
[debug] [2023-11-20T14:44:39.952Z] [Add Firebase Poller] Retrying task index 0
[debug] [2023-11-20T14:44:39.954Z] >>> [apiv2][query] GET https://firebase.googleapis.com/v1beta1/operations/workflows/Njg2MDU2OGYtNzczMy00NDEwLWI3MTYtYWU1ZTM2MTUwZTk3 [none]
[debug] [2023-11-20T14:44:41.020Z] <<< [apiv2][status] GET https://firebase.googleapis.com/v1beta1/operations/workflows/Njg2MDU2OGYtNzczMy00NDEwLWI3MTYtYWU1ZTM2MTUwZTk3 200
[debug] [2023-11-20T14:44:41.021Z] <<< [apiv2][body] GET https://firebase.googleapis.com/v1beta1/operations/workflows/Njg2MDU2OGYtNzczMy00NDEwLWI3MTYtYWU1ZTM2MTUwZTk3 {"name":"operations/workflows/Njg2MDU2OGYtNzczMy00NDEwLWI3MTYtYWU1ZTM2MTUwZTk3"}
[debug] [2023-11-20T14:44:42.022Z] [Add Firebase Poller] Retrying task index 0
[debug] [2023-11-20T14:44:42.024Z] >>> [apiv2][query] GET https://firebase.googleapis.com/v1beta1/operations/workflows/Njg2MDU2OGYtNzczMy00NDEwLWI3MTYtYWU1ZTM2MTUwZTk3 [none]
[debug] [2023-11-20T14:44:42.954Z] <<< [apiv2][status] GET https://firebase.googleapis.com/v1beta1/operations/workflows/Njg2MDU2OGYtNzczMy00NDEwLWI3MTYtYWU1ZTM2MTUwZTk3 200
[debug] [2023-11-20T14:44:42.954Z] <<< [apiv2][body] GET https://firebase.googleapis.com/v1beta1/operations/workflows/Njg2MDU2OGYtNzczMy00NDEwLWI3MTYtYWU1ZTM2MTUwZTk3 {"name":"operations/workflows/Njg2MDU2OGYtNzczMy00NDEwLWI3MTYtYWU1ZTM2MTUwZTk3"}
[debug] [2023-11-20T14:44:44.956Z] [Add Firebase Poller] Retrying task index 0
[debug] [2023-11-20T14:44:44.958Z] >>> [apiv2][query] GET https://firebase.googleapis.com/v1beta1/operations/workflows/Njg2MDU2OGYtNzczMy00NDEwLWI3MTYtYWU1ZTM2MTUwZTk3 [none]
[debug] [2023-11-20T14:44:45.610Z] <<< [apiv2][status] GET https://firebase.googleapis.com/v1beta1/operations/workflows/Njg2MDU2OGYtNzczMy00NDEwLWI3MTYtYWU1ZTM2MTUwZTk3 200
[debug] [2023-11-20T14:44:45.610Z] <<< [apiv2][body] GET https://firebase.googleapis.com/v1beta1/operations/workflows/Njg2MDU2OGYtNzczMy00NDEwLWI3MTYtYWU1ZTM2MTUwZTk3 {"name":"operations/workflows/Njg2MDU2OGYtNzczMy00NDEwLWI3MTYtYWU1ZTM2MTUwZTk3"}
[debug] [2023-11-20T14:44:49.612Z] [Add Firebase Poller] Retrying task index 0
[debug] [2023-11-20T14:44:49.614Z] >>> [apiv2][query] GET https://firebase.googleapis.com/v1beta1/operations/workflows/Njg2MDU2OGYtNzczMy00NDEwLWI3MTYtYWU1ZTM2MTUwZTk3 [none]
[debug] [2023-11-20T14:44:50.171Z] <<< [apiv2][status] GET https://firebase.googleapis.com/v1beta1/operations/workflows/Njg2MDU2OGYtNzczMy00NDEwLWI3MTYtYWU1ZTM2MTUwZTk3 200
[debug] [2023-11-20T14:44:50.171Z] <<< [apiv2][body] GET https://firebase.googleapis.com/v1beta1/operations/workflows/Njg2MDU2OGYtNzczMy00NDEwLWI3MTYtYWU1ZTM2MTUwZTk3 {"name":"operations/workflows/Njg2MDU2OGYtNzczMy00NDEwLWI3MTYtYWU1ZTM2MTUwZTk3","done":true,"response":{"@type":"type.googleapis.com/google.firebase.service.v1beta1.FirebaseProject","projectId":"playersnexus","projectNumber":"964308791253","displayName":"playersnexus","name":"projects/playersnexus","resources":{"hostingSite":"playersnexus"}}}
[info] 
[info] 🎉🎉🎉 Your Firebase project is ready! 🎉🎉🎉
[info] 
[info] Project information:
[info]    - Project ID: playersnexus
[info]    - Project Name: playersnexus
[info] 
[info] Firebase console is available at
[info] https://console.firebase.google.com/project/playersnexus/overview
[info] i  Using project playersnexus (playersnexus) 
[info] 
=== Hosting Setup
[debug] [2023-11-20T14:44:50.182Z] >>> [apiv2][query] GET https://firebase.googleapis.com/v1beta1/projects/playersnexus [none]
[debug] [2023-11-20T14:44:51.027Z] <<< [apiv2][status] GET https://firebase.googleapis.com/v1beta1/projects/playersnexus 200
[debug] [2023-11-20T14:44:51.027Z] <<< [apiv2][body] GET https://firebase.googleapis.com/v1beta1/projects/playersnexus {"projectId":"playersnexus","projectNumber":"964308791253","displayName":"playersnexus","name":"projects/playersnexus","resources":{"hostingSite":"playersnexus"},"state":"ACTIVE","etag":"1_55843997-0c4f-477f-bc28-25bc2b7fcc72"}
[info] 
[info] Your public directory is the folder (relative to your project directory) that
[info] will contain Hosting assets to be uploaded with firebase deploy. If you
[info] have a build process for your assets, use your build's output directory.
[info] 
[debug] [2023-11-21T15:12:07.250Z] Error: read EIO
    at TTY.onStreamRead (node:internal/stream_base_commons:217:20)
[error] 
[error] Error: An unexpected error has occurred.
[debug] [2023-11-21T15:12:07.262Z] Error: write EIO
    at afterWriteDispatched (node:internal/stream_base_commons:160:15)
    at writeGeneric (node:internal/stream_base_commons:151:3)
    at Socket._writeGeneric (node:net:931:11)
    at Socket._write (node:net:943:8)
    at writeOrBuffer (node:internal/streams/writable:392:12)
    at _write (node:internal/streams/writable:333:10)
    at Writable.write (node:internal/streams/writable:337:10)
    at Console.log (/usr/local/lib/node_modules/firebase-tools/node_modules/winston/lib/winston/transports/console.js:79:23)
    at Console._write (/usr/local/lib/node_modules/firebase-tools/node_modules/winston-transport/index.js:103:17)
    at doWrite (/usr/local/lib/node_modules/firebase-tools/node_modules/readable-stream/lib/_stream_writable.js:390:139)
[error] 
[error] Error: An unexpected error has occurred.
[debug] [2023-11-21T15:12:07.263Z] Error: write EIO
    at afterWriteDispatched (node:internal/stream_base_commons:160:15)
    at writeGeneric (node:internal/stream_base_commons:151:3)
    at Socket._writeGeneric (node:net:931:11)
    at Socket._write (node:net:943:8)
    at writeOrBuffer (node:internal/streams/writable:392:12)
    at _write (node:internal/streams/writable:333:10)
    at Writable.write (node:internal/streams/writable:337:10)
    at Console.log (/usr/local/lib/node_modules/firebase-tools/node_modules/winston/lib/winston/transports/console.js:79:23)
    at Console._write (/usr/local/lib/node_modules/firebase-tools/node_modules/winston-transport/index.js:103:17)
    at doWrite (/usr/local/lib/node_modules/firebase-tools/node_modules/readable-stream/lib/_stream_writable.js:390:139)
[error] 
[error] Error: An unexpected error has occurred.
[debug] [2023-11-21T15:12:07.263Z] Error: write EIO
    at afterWriteDispatched (node:internal/stream_base_commons:160:15)
    at writeGeneric (node:internal/stream_base_commons:151:3)
    at Socket._writeGeneric (node:net:931:11)
    at Socket._write (node:net:943:8)
    at writeOrBuffer (node:internal/streams/writable:392:12)
    at _write (node:internal/streams/writable:333:10)
    at Writable.write (node:internal/streams/writable:337:10)
    at Console.log (/usr/local/lib/node_modules/firebase-tools/node_modules/winston/lib/winston/transports/console.js:79:23)
    at Console._write (/usr/local/lib/node_modules/firebase-tools/node_modules/winston-transport/index.js:103:17)
    at doWrite (/usr/local/lib/node_modules/firebase-tools/node_modules/readable-stream/lib/_stream_writable.js:390:139)
[error] 
[error] Error: An unexpected error has occurred.
[debug] [2023-11-21T15:12:07.263Z] Error: write EIO
    at afterWriteDispatched (node:internal/stream_base_commons:160:15)
    at writeGeneric (node:internal/stream_base_commons:151:3)
    at Socket._writeGeneric (node:net:931:11)
    at Socket._write (node:net:943:8)
    at writeOrBuffer (node:internal/streams/writable:392:12)
    at _write (node:internal/streams/writable:333:10)
    at Writable.write (node:internal/streams/writable:337:10)
    at Console.log (/usr/local/lib/node_modules/firebase-tools/node_modules/winston/lib/winston/transports/console.js:79:23)
    at Console._write (/usr/local/lib/node_modules/firebase-tools/node_modules/winston-transport/index.js:103:17)
    at doWrite (/usr/local/lib/node_modules/firebase-tools/node_modules/readable-stream/lib/_stream_writable.js:390:139)
[error] 
[error] Error: An unexpected error has occurred.
[debug] [2023-11-21T15:12:07.263Z] Error: write EIO
    at afterWriteDispatched (node:internal/stream_base_commons:160:15)
    at writeGeneric (node:internal/stream_base_commons:151:3)
    at Socket._writeGeneric (node:net:931:11)
    at Socket._write (node:net:943:8)
    at writeOrBuffer (node:internal/streams/writable:392:12)
    at _write (node:internal/streams/writable:333:10)
    at Writable.write (node:internal/streams/writable:337:10)
    at Console.log (/usr/local/lib/node_modules/firebase-tools/node_modules/winston/lib/winston/transports/console.js:79:23)
    at Console._write (/usr/local/lib/node_modules/firebase-tools/node_modules/winston-transport/index.js:103:17)
    at doWrite (/usr/local/lib/node_modules/firebase-tools/node_modules/readable-stream/lib/_stream_writable.js:390:139)
[error] 
[error] Error: An unexpected error has occurred.
[debug] [2023-11-21T15:12:07.271Z] Error: write EIO
    at afterWriteDispatched (node:internal/stream_base_commons:160:15)
    at writeGeneric (node:internal/stream_base_commons:151:3)
    at Socket._writeGeneric (node:net:931:11)
    at Socket._write (node:net:943:8)
    at writeOrBuffer (node:internal/streams/writable:392:12)
    at _write (node:internal/streams/writable:333:10)
    at Writable.write (node:internal/streams/writable:337:10)
    at Console.log (/usr/local/lib/node_modules/firebase-tools/node_modules/winston/lib/winston/transports/console.js:79:23)
    at Console._write (/usr/local/lib/node_modules/firebase-tools/node_modules/winston-transport/index.js:103:17)
    at doWrite (/usr/local/lib/node_modules/firebase-tools/node_modules/readable-stream/lib/_stream_writable.js:390:139)
[error] 
[error] Error: An unexpected error has occurred.
[debug] [2023-11-21T15:12:07.271Z] Error: write EIO
    at afterWriteDispatched (node:internal/stream_base_commons:160:15)
    at writeGeneric (node:internal/stream_base_commons:151:3)
    at Socket._writeGeneric (node:net:931:11)
    at Socket._write (node:net:943:8)
    at writeOrBuffer (node:internal/streams/writable:392:12)
    at _write (node:internal/streams/writable:333:10)
    at Writable.write (node:internal/streams/writable:337:10)
    at Console.log (/usr/local/lib/node_modules/firebase-tools/node_modules/winston/lib/winston/transports/console.js:79:23)
    at Console._write (/usr/local/lib/node_modules/firebase-tools/node_modules/winston-transport/index.js:103:17)
    at doWrite (/usr/local/lib/node_modules/firebase-tools/node_modules/readable-stream/lib/_stream_writable.js:390:139)
[error] 
[error] Error: An unexpected error has occurred.
[debug] [2023-11-21T15:12:07.271Z] Error: write EIO
    at afterWriteDispatched (node:internal/stream_base_commons:160:15)
    at writeGeneric (node:internal/stream_base_commons:151:3)
    at Socket._writeGeneric (node:net:931:11)
    at Socket._write (node:net:943:8)
    at writeOrBuffer (node:internal/streams/writable:392:12)
    at _write (node:internal/streams/writable:333:10)
    at Writable.write (node:internal/streams/writable:337:10)
    at Console.log (/usr/local/lib/node_modules/firebase-tools/node_modules/winston/lib/winston/transports/console.js:79:23)
    at Console._write (/usr/local/lib/node_modules/firebase-tools/node_modules/winston-transport/index.js:103:17)
    at doWrite (/usr/local/lib/node_modules/firebase-tools/node_modules/readable-stream/lib/_stream_writable.js:390:139)
[error] 
[error] Error: An unexpected error has occurred.
